{"/home/apavlidi/WebstormProjects/aircall/src/App.js": {"path":"/home/apavlidi/WebstormProjects/aircall/src/App.js","statementMap":{"0":{"start":{"line":13,"column":37},"end":{"line":13,"column":52}},"1":{"start":{"line":15,"column":2},"end":{"line":22,"column":9}},"2":{"start":{"line":16,"column":25},"end":{"line":16,"column":54}},"3":{"start":{"line":17,"column":4},"end":{"line":21,"column":5}},"4":{"start":{"line":18,"column":6},"end":{"line":18,"column":25}},"5":{"start":{"line":20,"column":6},"end":{"line":20,"column":26}},"6":{"start":{"line":24,"column":2},"end":{"line":44,"column":4}}},"fnMap":{"0":{"name":"App","decl":{"start":{"line":12,"column":9},"end":{"line":12,"column":12}},"loc":{"start":{"line":12,"column":15},"end":{"line":45,"column":1}},"line":12},"1":{"name":"(anonymous_1)","decl":{"start":{"line":15,"column":12},"end":{"line":15,"column":13}},"loc":{"start":{"line":15,"column":18},"end":{"line":22,"column":3}},"line":15}},"branchMap":{"0":{"loc":{"start":{"line":17,"column":4},"end":{"line":21,"column":5}},"type":"if","locations":[{"start":{"line":17,"column":4},"end":{"line":21,"column":5}},{"start":{"line":19,"column":9},"end":{"line":21,"column":5}}],"line":17}},"s":{"0":0,"1":0,"2":0,"3":0,"4":0,"5":0,"6":0},"f":{"0":0,"1":0},"b":{"0":[0,0]}}
,"/home/apavlidi/WebstormProjects/aircall/src/constants.js": {"path":"/home/apavlidi/WebstormProjects/aircall/src/constants.js","statementMap":{"0":{"start":{"line":1,"column":24},"end":{"line":1,"column":63}},"1":{"start":{"line":2,"column":25},"end":{"line":2,"column":33}},"2":{"start":{"line":3,"column":25},"end":{"line":3,"column":37}},"3":{"start":{"line":4,"column":28},"end":{"line":4,"column":45}},"4":{"start":{"line":5,"column":26},"end":{"line":5,"column":39}},"5":{"start":{"line":6,"column":23},"end":{"line":6,"column":45}},"6":{"start":{"line":7,"column":29},"end":{"line":7,"column":79}},"7":{"start":{"line":8,"column":23},"end":{"line":8,"column":27}},"8":{"start":{"line":9,"column":36},"end":{"line":15,"column":1}}},"fnMap":{},"branchMap":{},"s":{"0":5,"1":5,"2":5,"3":5,"4":5,"5":5,"6":5,"7":5,"8":5},"f":{},"b":{},"_coverageSchema":"1a1c01bbd47fc00a2c39e90264f33305004495a9","hash":"a9683452091e8126696440b69306b675ca90c30b"}
,"/home/apavlidi/WebstormProjects/aircall/src/index.js": {"path":"/home/apavlidi/WebstormProjects/aircall/src/index.js","statementMap":{"0":{"start":{"line":6,"column":0},"end":{"line":13,"column":2}}},"fnMap":{},"branchMap":{},"s":{"0":0},"f":{},"b":{}}
,"/home/apavlidi/WebstormProjects/aircall/src/api/fetchApi.js": {"path":"/home/apavlidi/WebstormProjects/aircall/src/api/fetchApi.js","statementMap":{"0":{"start":{"line":4,"column":30},"end":{"line":11,"column":1}},"1":{"start":{"line":5,"column":4},"end":{"line":6,"column":7}},"2":{"start":{"line":5,"column":21},"end":{"line":6,"column":7}},"3":{"start":{"line":7,"column":4},"end":{"line":9,"column":5}},"4":{"start":{"line":8,"column":8},"end":{"line":8,"column":23}},"5":{"start":{"line":10,"column":4},"end":{"line":10,"column":26}},"6":{"start":{"line":13,"column":28},"end":{"line":28,"column":1}},"7":{"start":{"line":22,"column":20},"end":{"line":22,"column":37}},"8":{"start":{"line":23,"column":4},"end":{"line":25,"column":5}},"9":{"start":{"line":24,"column":8},"end":{"line":24,"column":44}},"10":{"start":{"line":26,"column":21},"end":{"line":26,"column":62}},"11":{"start":{"line":27,"column":4},"end":{"line":27,"column":36}}},"fnMap":{"0":{"name":"(anonymous_0)","decl":{"start":{"line":4,"column":30},"end":{"line":4,"column":31}},"loc":{"start":{"line":4,"column":44},"end":{"line":11,"column":1}},"line":4},"1":{"name":"(anonymous_1)","decl":{"start":{"line":5,"column":50},"end":{"line":5,"column":51}},"loc":{"start":{"line":5,"column":56},"end":{"line":6,"column":5}},"line":5},"2":{"name":"(anonymous_2)","decl":{"start":{"line":13,"column":28},"end":{"line":13,"column":29}},"loc":{"start":{"line":21,"column":46},"end":{"line":28,"column":1}},"line":21}},"branchMap":{"0":{"loc":{"start":{"line":5,"column":4},"end":{"line":6,"column":7}},"type":"if","locations":[{"start":{"line":5,"column":4},"end":{"line":6,"column":7}},{"start":{},"end":{}}],"line":5},"1":{"loc":{"start":{"line":7,"column":4},"end":{"line":9,"column":5}},"type":"if","locations":[{"start":{"line":7,"column":4},"end":{"line":9,"column":5}},{"start":{},"end":{}}],"line":7},"2":{"loc":{"start":{"line":13,"column":35},"end":{"line":21,"column":41}},"type":"default-arg","locations":[{"start":{"line":21,"column":39},"end":{"line":21,"column":41}}],"line":13},"3":{"loc":{"start":{"line":15,"column":39},"end":{"line":15,"column":53}},"type":"default-arg","locations":[{"start":{"line":15,"column":48},"end":{"line":15,"column":53}}],"line":15},"4":{"loc":{"start":{"line":16,"column":39},"end":{"line":19,"column":40}},"type":"default-arg","locations":[{"start":{"line":16,"column":49},"end":{"line":19,"column":40}}],"line":16},"5":{"loc":{"start":{"line":23,"column":4},"end":{"line":25,"column":5}},"type":"if","locations":[{"start":{"line":23,"column":4},"end":{"line":25,"column":5}},{"start":{},"end":{}}],"line":23}},"s":{"0":5,"1":3,"2":1,"3":2,"4":1,"5":1,"6":5,"7":0,"8":0,"9":0,"10":0,"11":0},"f":{"0":3,"1":0,"2":0},"b":{"0":[1,2],"1":[1,1],"2":[0],"3":[0],"4":[0],"5":[0,0]},"_coverageSchema":"1a1c01bbd47fc00a2c39e90264f33305004495a9","hash":"d76851fa3423f9f706b10ae246fa083c8e0665ec"}
,"/home/apavlidi/WebstormProjects/aircall/src/componets/CallDetails.js": {"path":"/home/apavlidi/WebstormProjects/aircall/src/componets/CallDetails.js","statementMap":{"0":{"start":{"line":8,"column":20},"end":{"line":76,"column":1}},"1":{"start":{"line":9,"column":19},"end":{"line":9,"column":32}},"2":{"start":{"line":10,"column":17},"end":{"line":10,"column":28}},"3":{"start":{"line":11,"column":34},"end":{"line":11,"column":46}},"4":{"start":{"line":12,"column":36},"end":{"line":12,"column":50}},"5":{"start":{"line":14,"column":2},"end":{"line":33,"column":5}},"6":{"start":{"line":15,"column":4},"end":{"line":32,"column":9}},"7":{"start":{"line":19,"column":8},"end":{"line":21,"column":9}},"8":{"start":{"line":20,"column":10},"end":{"line":20,"column":29}},"9":{"start":{"line":22,"column":8},"end":{"line":22,"column":19}},"10":{"start":{"line":25,"column":8},"end":{"line":25,"column":26}},"11":{"start":{"line":26,"column":8},"end":{"line":26,"column":28}},"12":{"start":{"line":29,"column":8},"end":{"line":31,"column":9}},"13":{"start":{"line":30,"column":10},"end":{"line":30,"column":29}},"14":{"start":{"line":35,"column":2},"end":{"line":75,"column":4}},"15":{"start":{"line":64,"column":16},"end":{"line":64,"column":54}}},"fnMap":{"0":{"name":"(anonymous_0)","decl":{"start":{"line":8,"column":20},"end":{"line":8,"column":21}},"loc":{"start":{"line":8,"column":26},"end":{"line":76,"column":1}},"line":8},"1":{"name":"(anonymous_1)","decl":{"start":{"line":14,"column":12},"end":{"line":14,"column":13}},"loc":{"start":{"line":14,"column":18},"end":{"line":33,"column":3}},"line":14},"2":{"name":"(anonymous_2)","decl":{"start":{"line":18,"column":12},"end":{"line":18,"column":13}},"loc":{"start":{"line":18,"column":22},"end":{"line":23,"column":7}},"line":18},"3":{"name":"(anonymous_3)","decl":{"start":{"line":24,"column":12},"end":{"line":24,"column":13}},"loc":{"start":{"line":24,"column":22},"end":{"line":27,"column":7}},"line":24},"4":{"name":"(anonymous_4)","decl":{"start":{"line":28,"column":13},"end":{"line":28,"column":14}},"loc":{"start":{"line":28,"column":20},"end":{"line":32,"column":7}},"line":28},"5":{"name":"(anonymous_5)","decl":{"start":{"line":63,"column":34},"end":{"line":63,"column":35}},"loc":{"start":{"line":64,"column":16},"end":{"line":64,"column":54}},"line":64}},"branchMap":{"0":{"loc":{"start":{"line":19,"column":8},"end":{"line":21,"column":9}},"type":"if","locations":[{"start":{"line":19,"column":8},"end":{"line":21,"column":9}},{"start":{},"end":{}}],"line":19},"1":{"loc":{"start":{"line":29,"column":8},"end":{"line":31,"column":9}},"type":"if","locations":[{"start":{"line":29,"column":8},"end":{"line":31,"column":9}},{"start":{},"end":{}}],"line":29},"2":{"loc":{"start":{"line":37,"column":7},"end":{"line":73,"column":7}},"type":"cond-expr","locations":[{"start":{"line":38,"column":8},"end":{"line":68,"column":11}},{"start":{"line":70,"column":8},"end":{"line":72,"column":17}}],"line":37}},"s":{"0":0,"1":0,"2":0,"3":0,"4":0,"5":0,"6":0,"7":0,"8":0,"9":0,"10":0,"11":0,"12":0,"13":0,"14":0,"15":0},"f":{"0":0,"1":0,"2":0,"3":0,"4":0,"5":0},"b":{"0":[0,0],"1":[0,0],"2":[0,0]}}
,"/home/apavlidi/WebstormProjects/aircall/src/componets/Call/Call.js": {"path":"/home/apavlidi/WebstormProjects/aircall/src/componets/Call/Call.js","statementMap":{"0":{"start":{"line":16,"column":13},"end":{"line":58,"column":1}},"1":{"start":{"line":17,"column":2},"end":{"line":57,"column":4}},"2":{"start":{"line":50,"column":25},"end":{"line":50,"column":44}},"3":{"start":{"line":60,"column":0},"end":{"line":67,"column":2}}},"fnMap":{"0":{"name":"(anonymous_0)","decl":{"start":{"line":16,"column":13},"end":{"line":16,"column":14}},"loc":{"start":{"line":16,"column":39},"end":{"line":58,"column":1}},"line":16},"1":{"name":"(anonymous_1)","decl":{"start":{"line":50,"column":19},"end":{"line":50,"column":20}},"loc":{"start":{"line":50,"column":25},"end":{"line":50,"column":44}},"line":50}},"branchMap":{},"s":{"0":2,"1":10,"2":0,"3":2},"f":{"0":10,"1":0},"b":{},"_coverageSchema":"1a1c01bbd47fc00a2c39e90264f33305004495a9","hash":"8fabc700b76f9c5bb87af490f083a6c992a831ae"}
,"/home/apavlidi/WebstormProjects/aircall/src/componets/CallDetails/CallDetails.js": {"path":"/home/apavlidi/WebstormProjects/aircall/src/componets/CallDetails/CallDetails.js","statementMap":{"0":{"start":{"line":7,"column":20},"end":{"line":67,"column":1}},"1":{"start":{"line":8,"column":21},"end":{"line":8,"column":34}},"2":{"start":{"line":9,"column":17},"end":{"line":9,"column":28}},"3":{"start":{"line":10,"column":36},"end":{"line":10,"column":48}},"4":{"start":{"line":11,"column":38},"end":{"line":11,"column":52}},"5":{"start":{"line":13,"column":4},"end":{"line":24,"column":7}},"6":{"start":{"line":14,"column":8},"end":{"line":23,"column":15}},"7":{"start":{"line":16,"column":16},"end":{"line":16,"column":34}},"8":{"start":{"line":17,"column":16},"end":{"line":17,"column":36}},"9":{"start":{"line":20,"column":16},"end":{"line":22,"column":17}},"10":{"start":{"line":21,"column":20},"end":{"line":21,"column":39}},"11":{"start":{"line":26,"column":4},"end":{"line":66,"column":6}},"12":{"start":{"line":55,"column":32},"end":{"line":55,"column":70}}},"fnMap":{"0":{"name":"(anonymous_0)","decl":{"start":{"line":7,"column":20},"end":{"line":7,"column":21}},"loc":{"start":{"line":7,"column":26},"end":{"line":67,"column":1}},"line":7},"1":{"name":"(anonymous_1)","decl":{"start":{"line":13,"column":14},"end":{"line":13,"column":15}},"loc":{"start":{"line":13,"column":20},"end":{"line":24,"column":5}},"line":13},"2":{"name":"(anonymous_2)","decl":{"start":{"line":15,"column":18},"end":{"line":15,"column":19}},"loc":{"start":{"line":15,"column":28},"end":{"line":18,"column":13}},"line":15},"3":{"name":"(anonymous_3)","decl":{"start":{"line":19,"column":19},"end":{"line":19,"column":20}},"loc":{"start":{"line":19,"column":26},"end":{"line":23,"column":13}},"line":19},"4":{"name":"(anonymous_4)","decl":{"start":{"line":54,"column":48},"end":{"line":54,"column":49}},"loc":{"start":{"line":55,"column":32},"end":{"line":55,"column":70}},"line":55}},"branchMap":{"0":{"loc":{"start":{"line":20,"column":16},"end":{"line":22,"column":17}},"type":"if","locations":[{"start":{"line":20,"column":16},"end":{"line":22,"column":17}},{"start":{},"end":{}}],"line":20},"1":{"loc":{"start":{"line":28,"column":13},"end":{"line":64,"column":13}},"type":"cond-expr","locations":[{"start":{"line":29,"column":16},"end":{"line":59,"column":19}},{"start":{"line":61,"column":16},"end":{"line":63,"column":25}}],"line":28}},"s":{"0":0,"1":0,"2":0,"3":0,"4":0,"5":0,"6":0,"7":0,"8":0,"9":0,"10":0,"11":0,"12":0},"f":{"0":0,"1":0,"2":0,"3":0,"4":0},"b":{"0":[0,0],"1":[0,0]}}
,"/home/apavlidi/WebstormProjects/aircall/src/componets/CallNote/CallNote.js": {"path":"/home/apavlidi/WebstormProjects/aircall/src/componets/CallNote/CallNote.js","statementMap":{"0":{"start":{"line":4,"column":17},"end":{"line":14,"column":1}},"1":{"start":{"line":5,"column":2},"end":{"line":13,"column":4}},"2":{"start":{"line":16,"column":0},"end":{"line":21,"column":2}}},"fnMap":{"0":{"name":"(anonymous_0)","decl":{"start":{"line":4,"column":17},"end":{"line":4,"column":18}},"loc":{"start":{"line":4,"column":31},"end":{"line":14,"column":1}},"line":4}},"branchMap":{},"s":{"0":0,"1":0,"2":0},"f":{"0":0},"b":{}}
,"/home/apavlidi/WebstormProjects/aircall/src/componets/Calls/Calls.js": {"path":"/home/apavlidi/WebstormProjects/aircall/src/componets/Calls/Calls.js","statementMap":{"0":{"start":{"line":6,"column":14},"end":{"line":57,"column":1}},"1":{"start":{"line":7,"column":44},"end":{"line":7,"column":59}},"2":{"start":{"line":8,"column":38},"end":{"line":8,"column":49}},"3":{"start":{"line":9,"column":40},"end":{"line":9,"column":51}},"4":{"start":{"line":11,"column":4},"end":{"line":15,"column":47}},"5":{"start":{"line":12,"column":26},"end":{"line":12,"column":51}},"6":{"start":{"line":13,"column":8},"end":{"line":13,"column":60}},"7":{"start":{"line":14,"column":8},"end":{"line":14,"column":61}},"8":{"start":{"line":17,"column":28},"end":{"line":20,"column":5}},"9":{"start":{"line":18,"column":26},"end":{"line":18,"column":72}},"10":{"start":{"line":19,"column":8},"end":{"line":19,"column":33}},"11":{"start":{"line":22,"column":4},"end":{"line":56,"column":6}},"12":{"start":{"line":27,"column":24},"end":{"line":27,"column":81}},"13":{"start":{"line":52,"column":20},"end":{"line":52,"column":77}},"14":{"start":{"line":59,"column":0},"end":{"line":66,"column":1}}},"fnMap":{"0":{"name":"(anonymous_0)","decl":{"start":{"line":6,"column":14},"end":{"line":6,"column":15}},"loc":{"start":{"line":6,"column":71},"end":{"line":57,"column":1}},"line":6},"1":{"name":"(anonymous_1)","decl":{"start":{"line":11,"column":14},"end":{"line":11,"column":15}},"loc":{"start":{"line":11,"column":20},"end":{"line":15,"column":5}},"line":11},"2":{"name":"(anonymous_2)","decl":{"start":{"line":17,"column":28},"end":{"line":17,"column":29}},"loc":{"start":{"line":17,"column":39},"end":{"line":20,"column":5}},"line":17},"3":{"name":"(anonymous_3)","decl":{"start":{"line":26,"column":38},"end":{"line":26,"column":39}},"loc":{"start":{"line":27,"column":24},"end":{"line":27,"column":81}},"line":27},"4":{"name":"(anonymous_4)","decl":{"start":{"line":51,"column":26},"end":{"line":51,"column":27}},"loc":{"start":{"line":52,"column":20},"end":{"line":52,"column":77}},"line":52}},"branchMap":{"0":{"loc":{"start":{"line":24,"column":13},"end":{"line":54,"column":13}},"type":"cond-expr","locations":[{"start":{"line":25,"column":16},"end":{"line":49,"column":19}},{"start":{"line":51,"column":16},"end":{"line":53,"column":18}}],"line":24}},"s":{"0":2,"1":6,"2":6,"3":6,"4":6,"5":3,"6":3,"7":3,"8":6,"9":0,"10":0,"11":6,"12":0,"13":10,"14":2},"f":{"0":6,"1":3,"2":0,"3":0,"4":10},"b":{"0":[0,6]},"_coverageSchema":"1a1c01bbd47fc00a2c39e90264f33305004495a9","hash":"58d13af7c3d18a0587811362c3d1569b22fb5b2a"}
,"/home/apavlidi/WebstormProjects/aircall/src/componets/GroupByDateCalls/GroupByDateCalls.js": {"path":"/home/apavlidi/WebstormProjects/aircall/src/componets/GroupByDateCalls/GroupByDateCalls.js","statementMap":{"0":{"start":{"line":5,"column":25},"end":{"line":20,"column":1}},"1":{"start":{"line":6,"column":2},"end":{"line":19,"column":4}},"2":{"start":{"line":9,"column":8},"end":{"line":16,"column":14}},"3":{"start":{"line":22,"column":0},"end":{"line":31,"column":1}}},"fnMap":{"0":{"name":"(anonymous_0)","decl":{"start":{"line":5,"column":25},"end":{"line":5,"column":26}},"loc":{"start":{"line":5,"column":58},"end":{"line":20,"column":1}},"line":5},"1":{"name":"(anonymous_1)","decl":{"start":{"line":8,"column":36},"end":{"line":8,"column":37}},"loc":{"start":{"line":9,"column":8},"end":{"line":16,"column":14}},"line":9}},"branchMap":{},"s":{"0":1,"1":1,"2":2,"3":1},"f":{"0":1,"1":2},"b":{},"_coverageSchema":"1a1c01bbd47fc00a2c39e90264f33305004495a9","hash":"22583d06d10ae820ec2584e558f7f0f59b129596"}
,"/home/apavlidi/WebstormProjects/aircall/src/componets/Home/Home.js": {"path":"/home/apavlidi/WebstormProjects/aircall/src/componets/Home/Home.js","statementMap":{"0":{"start":{"line":13,"column":13},"end":{"line":126,"column":1}},"1":{"start":{"line":14,"column":21},"end":{"line":14,"column":34}},"2":{"start":{"line":15,"column":30},"end":{"line":15,"column":42}},"3":{"start":{"line":16,"column":44},"end":{"line":16,"column":56}},"4":{"start":{"line":17,"column":42},"end":{"line":17,"column":54}},"5":{"start":{"line":18,"column":38},"end":{"line":18,"column":52}},"6":{"start":{"line":19,"column":54},"end":{"line":19,"column":69}},"7":{"start":{"line":20,"column":48},"end":{"line":20,"column":63}},"8":{"start":{"line":22,"column":19},"end":{"line":26,"column":6}},"9":{"start":{"line":27,"column":20},"end":{"line":27,"column":50}},"10":{"start":{"line":28,"column":4},"end":{"line":31,"column":7}},"11":{"start":{"line":29,"column":8},"end":{"line":29,"column":70}},"12":{"start":{"line":29,"column":40},"end":{"line":29,"column":67}},"13":{"start":{"line":30,"column":8},"end":{"line":30,"column":57}},"14":{"start":{"line":33,"column":4},"end":{"line":47,"column":28}},"15":{"start":{"line":34,"column":8},"end":{"line":44,"column":15}},"16":{"start":{"line":36,"column":16},"end":{"line":36,"column":83}},"17":{"start":{"line":36,"column":54},"end":{"line":36,"column":80}},"18":{"start":{"line":37,"column":16},"end":{"line":37,"column":89}},"19":{"start":{"line":37,"column":61},"end":{"line":37,"column":86}},"20":{"start":{"line":38,"column":16},"end":{"line":38,"column":36}},"21":{"start":{"line":41,"column":16},"end":{"line":43,"column":17}},"22":{"start":{"line":42,"column":20},"end":{"line":42,"column":39}},"23":{"start":{"line":46,"column":8},"end":{"line":46,"column":33}},"24":{"start":{"line":49,"column":29},"end":{"line":56,"column":5}},"25":{"start":{"line":50,"column":8},"end":{"line":55,"column":15}},"26":{"start":{"line":52,"column":16},"end":{"line":52,"column":58}},"27":{"start":{"line":53,"column":16},"end":{"line":53,"column":80}},"28":{"start":{"line":54,"column":16},"end":{"line":54,"column":91}},"29":{"start":{"line":58,"column":29},"end":{"line":60,"column":5}},"30":{"start":{"line":59,"column":8},"end":{"line":59,"column":49}},"31":{"start":{"line":62,"column":25},"end":{"line":64,"column":5}},"32":{"start":{"line":63,"column":8},"end":{"line":63,"column":43}},"33":{"start":{"line":66,"column":35},"end":{"line":71,"column":5}},"34":{"start":{"line":67,"column":8},"end":{"line":70,"column":9}},"35":{"start":{"line":68,"column":27},"end":{"line":68,"column":54}},"36":{"start":{"line":69,"column":12},"end":{"line":69,"column":35}},"37":{"start":{"line":73,"column":36},"end":{"line":87,"column":5}},"38":{"start":{"line":74,"column":8},"end":{"line":86,"column":12}},"39":{"start":{"line":89,"column":26},"end":{"line":91,"column":5}},"40":{"start":{"line":90,"column":8},"end":{"line":90,"column":42}},"41":{"start":{"line":93,"column":4},"end":{"line":125,"column":6}}},"fnMap":{"0":{"name":"(anonymous_0)","decl":{"start":{"line":13,"column":13},"end":{"line":13,"column":14}},"loc":{"start":{"line":13,"column":19},"end":{"line":126,"column":1}},"line":13},"1":{"name":"(anonymous_1)","decl":{"start":{"line":28,"column":29},"end":{"line":28,"column":30}},"loc":{"start":{"line":28,"column":47},"end":{"line":31,"column":5}},"line":28},"2":{"name":"(anonymous_2)","decl":{"start":{"line":29,"column":30},"end":{"line":29,"column":31}},"loc":{"start":{"line":29,"column":40},"end":{"line":29,"column":67}},"line":29},"3":{"name":"(anonymous_3)","decl":{"start":{"line":33,"column":14},"end":{"line":33,"column":15}},"loc":{"start":{"line":33,"column":20},"end":{"line":47,"column":5}},"line":33},"4":{"name":"(anonymous_4)","decl":{"start":{"line":35,"column":18},"end":{"line":35,"column":19}},"loc":{"start":{"line":35,"column":29},"end":{"line":39,"column":13}},"line":35},"5":{"name":"(anonymous_5)","decl":{"start":{"line":36,"column":44},"end":{"line":36,"column":45}},"loc":{"start":{"line":36,"column":54},"end":{"line":36,"column":80}},"line":36},"6":{"name":"(anonymous_6)","decl":{"start":{"line":37,"column":51},"end":{"line":37,"column":52}},"loc":{"start":{"line":37,"column":61},"end":{"line":37,"column":86}},"line":37},"7":{"name":"(anonymous_7)","decl":{"start":{"line":40,"column":19},"end":{"line":40,"column":20}},"loc":{"start":{"line":40,"column":26},"end":{"line":44,"column":13}},"line":40},"8":{"name":"(anonymous_8)","decl":{"start":{"line":49,"column":29},"end":{"line":49,"column":30}},"loc":{"start":{"line":49,"column":37},"end":{"line":56,"column":5}},"line":49},"9":{"name":"(anonymous_9)","decl":{"start":{"line":51,"column":18},"end":{"line":51,"column":19}},"loc":{"start":{"line":51,"column":35},"end":{"line":55,"column":13}},"line":51},"10":{"name":"(anonymous_10)","decl":{"start":{"line":58,"column":29},"end":{"line":58,"column":30}},"loc":{"start":{"line":58,"column":35},"end":{"line":60,"column":5}},"line":58},"11":{"name":"(anonymous_11)","decl":{"start":{"line":62,"column":25},"end":{"line":62,"column":26}},"loc":{"start":{"line":62,"column":31},"end":{"line":64,"column":5}},"line":62},"12":{"name":"(anonymous_12)","decl":{"start":{"line":66,"column":35},"end":{"line":66,"column":36}},"loc":{"start":{"line":66,"column":41},"end":{"line":71,"column":5}},"line":66},"13":{"name":"(anonymous_13)","decl":{"start":{"line":73,"column":36},"end":{"line":73,"column":37}},"loc":{"start":{"line":73,"column":42},"end":{"line":87,"column":5}},"line":73},"14":{"name":"(anonymous_14)","decl":{"start":{"line":89,"column":26},"end":{"line":89,"column":27}},"loc":{"start":{"line":89,"column":32},"end":{"line":91,"column":5}},"line":89}},"branchMap":{"0":{"loc":{"start":{"line":41,"column":16},"end":{"line":43,"column":17}},"type":"if","locations":[{"start":{"line":41,"column":16},"end":{"line":43,"column":17}},{"start":{},"end":{}}],"line":41},"1":{"loc":{"start":{"line":67,"column":8},"end":{"line":70,"column":9}},"type":"if","locations":[{"start":{"line":67,"column":8},"end":{"line":70,"column":9}},{"start":{},"end":{}}],"line":67},"2":{"loc":{"start":{"line":75,"column":13},"end":{"line":85,"column":13}},"type":"binary-expr","locations":[{"start":{"line":75,"column":13},"end":{"line":75,"column":27}},{"start":{"line":76,"column":16},"end":{"line":84,"column":19}}],"line":75},"3":{"loc":{"start":{"line":102,"column":17},"end":{"line":121,"column":35}},"type":"cond-expr","locations":[{"start":{"line":103,"column":24},"end":{"line":119,"column":33}},{"start":{"line":121,"column":20},"end":{"line":121,"column":35}}],"line":102},"4":{"loc":{"start":{"line":104,"column":29},"end":{"line":116,"column":29}},"type":"cond-expr","locations":[{"start":{"line":105,"column":32},"end":{"line":108,"column":34}},{"start":{"line":110,"column":32},"end":{"line":115,"column":34}}],"line":104}},"s":{"0":0,"1":0,"2":0,"3":0,"4":0,"5":0,"6":0,"7":0,"8":0,"9":0,"10":0,"11":0,"12":0,"13":0,"14":0,"15":0,"16":0,"17":0,"18":0,"19":0,"20":0,"21":0,"22":0,"23":0,"24":0,"25":0,"26":0,"27":0,"28":0,"29":0,"30":0,"31":0,"32":0,"33":0,"34":0,"35":0,"36":0,"37":0,"38":0,"39":0,"40":0,"41":0},"f":{"0":0,"1":0,"2":0,"3":0,"4":0,"5":0,"6":0,"7":0,"8":0,"9":0,"10":0,"11":0,"12":0,"13":0,"14":0},"b":{"0":[0,0],"1":[0,0],"2":[0,0],"3":[0,0],"4":[0,0]}}
,"/home/apavlidi/WebstormProjects/aircall/src/componets/Login/Login.js": {"path":"/home/apavlidi/WebstormProjects/aircall/src/componets/Login/Login.js","statementMap":{"0":{"start":{"line":7,"column":14},"end":{"line":88,"column":1}},"1":{"start":{"line":8,"column":36},"end":{"line":8,"column":48}},"2":{"start":{"line":9,"column":36},"end":{"line":9,"column":48}},"3":{"start":{"line":10,"column":46},"end":{"line":10,"column":65}},"4":{"start":{"line":11,"column":46},"end":{"line":11,"column":65}},"5":{"start":{"line":13,"column":21},"end":{"line":13,"column":34}},"6":{"start":{"line":15,"column":28},"end":{"line":17,"column":5}},"7":{"start":{"line":16,"column":8},"end":{"line":16,"column":36}},"8":{"start":{"line":18,"column":28},"end":{"line":20,"column":5}},"9":{"start":{"line":19,"column":8},"end":{"line":19,"column":36}},"10":{"start":{"line":22,"column":24},"end":{"line":28,"column":5}},"11":{"start":{"line":23,"column":8},"end":{"line":27,"column":9}},"12":{"start":{"line":24,"column":12},"end":{"line":26,"column":14}},"13":{"start":{"line":25,"column":16},"end":{"line":25,"column":36}},"14":{"start":{"line":30,"column":32},"end":{"line":36,"column":5}},"15":{"start":{"line":31,"column":8},"end":{"line":32,"column":24}},"16":{"start":{"line":32,"column":12},"end":{"line":32,"column":24}},"17":{"start":{"line":34,"column":8},"end":{"line":34,"column":81}},"18":{"start":{"line":35,"column":8},"end":{"line":35,"column":81}},"19":{"start":{"line":38,"column":4},"end":{"line":87,"column":6}},"20":{"start":{"line":50,"column":20},"end":{"line":50,"column":39}},"21":{"start":{"line":58,"column":45},"end":{"line":58,"column":63}},"22":{"start":{"line":67,"column":45},"end":{"line":67,"column":63}},"23":{"start":{"line":79,"column":43},"end":{"line":79,"column":56}},"24":{"start":{"line":90,"column":0},"end":{"line":92,"column":1}}},"fnMap":{"0":{"name":"(anonymous_0)","decl":{"start":{"line":7,"column":14},"end":{"line":7,"column":15}},"loc":{"start":{"line":7,"column":35},"end":{"line":88,"column":1}},"line":7},"1":{"name":"(anonymous_1)","decl":{"start":{"line":15,"column":28},"end":{"line":15,"column":29}},"loc":{"start":{"line":15,"column":35},"end":{"line":17,"column":5}},"line":15},"2":{"name":"(anonymous_2)","decl":{"start":{"line":18,"column":28},"end":{"line":18,"column":29}},"loc":{"start":{"line":18,"column":35},"end":{"line":20,"column":5}},"line":18},"3":{"name":"(anonymous_3)","decl":{"start":{"line":22,"column":24},"end":{"line":22,"column":25}},"loc":{"start":{"line":22,"column":30},"end":{"line":28,"column":5}},"line":22},"4":{"name":"(anonymous_4)","decl":{"start":{"line":24,"column":53},"end":{"line":24,"column":54}},"loc":{"start":{"line":24,"column":59},"end":{"line":26,"column":13}},"line":24},"5":{"name":"(anonymous_5)","decl":{"start":{"line":30,"column":32},"end":{"line":30,"column":33}},"loc":{"start":{"line":30,"column":38},"end":{"line":36,"column":5}},"line":30},"6":{"name":"(anonymous_6)","decl":{"start":{"line":49,"column":26},"end":{"line":49,"column":27}},"loc":{"start":{"line":49,"column":33},"end":{"line":51,"column":17}},"line":49},"7":{"name":"(anonymous_7)","decl":{"start":{"line":58,"column":38},"end":{"line":58,"column":39}},"loc":{"start":{"line":58,"column":45},"end":{"line":58,"column":63}},"line":58},"8":{"name":"(anonymous_8)","decl":{"start":{"line":67,"column":38},"end":{"line":67,"column":39}},"loc":{"start":{"line":67,"column":45},"end":{"line":67,"column":63}},"line":67},"9":{"name":"(anonymous_9)","decl":{"start":{"line":79,"column":37},"end":{"line":79,"column":38}},"loc":{"start":{"line":79,"column":43},"end":{"line":79,"column":56}},"line":79}},"branchMap":{"0":{"loc":{"start":{"line":23,"column":8},"end":{"line":27,"column":9}},"type":"if","locations":[{"start":{"line":23,"column":8},"end":{"line":27,"column":9}},{"start":{},"end":{}}],"line":23},"1":{"loc":{"start":{"line":31,"column":8},"end":{"line":32,"column":24}},"type":"if","locations":[{"start":{"line":31,"column":8},"end":{"line":32,"column":24}},{"start":{},"end":{}}],"line":31},"2":{"loc":{"start":{"line":31,"column":12},"end":{"line":31,"column":46}},"type":"binary-expr","locations":[{"start":{"line":31,"column":12},"end":{"line":31,"column":27}},{"start":{"line":31,"column":31},"end":{"line":31,"column":46}}],"line":31},"3":{"loc":{"start":{"line":34,"column":8},"end":{"line":34,"column":81}},"type":"cond-expr","locations":[{"start":{"line":34,"column":26},"end":{"line":34,"column":51}},{"start":{"line":34,"column":54},"end":{"line":34,"column":81}}],"line":34},"4":{"loc":{"start":{"line":35,"column":8},"end":{"line":35,"column":81}},"type":"cond-expr","locations":[{"start":{"line":35,"column":26},"end":{"line":35,"column":51}},{"start":{"line":35,"column":54},"end":{"line":35,"column":81}}],"line":35},"5":{"loc":{"start":{"line":56,"column":40},"end":{"line":56,"column":99}},"type":"cond-expr","locations":[{"start":{"line":56,"column":68},"end":{"line":56,"column":94}},{"start":{"line":56,"column":97},"end":{"line":56,"column":99}}],"line":56},"6":{"loc":{"start":{"line":65,"column":40},"end":{"line":65,"column":99}},"type":"cond-expr","locations":[{"start":{"line":65,"column":68},"end":{"line":65,"column":94}},{"start":{"line":65,"column":97},"end":{"line":65,"column":99}}],"line":65}},"s":{"0":1,"1":1,"2":1,"3":1,"4":1,"5":1,"6":1,"7":0,"8":1,"9":0,"10":1,"11":0,"12":0,"13":0,"14":1,"15":0,"16":0,"17":0,"18":0,"19":1,"20":0,"21":0,"22":0,"23":0,"24":1},"f":{"0":1,"1":0,"2":0,"3":0,"4":0,"5":0,"6":0,"7":0,"8":0,"9":0},"b":{"0":[0,0],"1":[0,0],"2":[0,0],"3":[0,0],"4":[0,0],"5":[0,1],"6":[0,1]},"_coverageSchema":"1a1c01bbd47fc00a2c39e90264f33305004495a9","hash":"7c25c65c7ce43d65dff19eb90666acd06434fbed"}
,"/home/apavlidi/WebstormProjects/aircall/src/componets/Navbar/NavBar.js": {"path":"/home/apavlidi/WebstormProjects/aircall/src/componets/Navbar/NavBar.js","statementMap":{"0":{"start":{"line":6,"column":15},"end":{"line":36,"column":1}},"1":{"start":{"line":7,"column":19},"end":{"line":7,"column":32}},"2":{"start":{"line":9,"column":23},"end":{"line":12,"column":3}},"3":{"start":{"line":10,"column":4},"end":{"line":10,"column":20}},"4":{"start":{"line":11,"column":4},"end":{"line":11,"column":25}},"5":{"start":{"line":14,"column":2},"end":{"line":35,"column":4}},"6":{"start":{"line":27,"column":61},"end":{"line":27,"column":75}},"7":{"start":{"line":38,"column":0},"end":{"line":41,"column":1}}},"fnMap":{"0":{"name":"(anonymous_0)","decl":{"start":{"line":6,"column":15},"end":{"line":6,"column":16}},"loc":{"start":{"line":6,"column":47},"end":{"line":36,"column":1}},"line":6},"1":{"name":"(anonymous_1)","decl":{"start":{"line":9,"column":23},"end":{"line":9,"column":24}},"loc":{"start":{"line":9,"column":29},"end":{"line":12,"column":3}},"line":9},"2":{"name":"(anonymous_2)","decl":{"start":{"line":27,"column":55},"end":{"line":27,"column":56}},"loc":{"start":{"line":27,"column":61},"end":{"line":27,"column":75}},"line":27}},"branchMap":{"0":{"loc":{"start":{"line":25,"column":7},"end":{"line":32,"column":15}},"type":"binary-expr","locations":[{"start":{"line":25,"column":7},"end":{"line":25,"column":17}},{"start":{"line":26,"column":6},"end":{"line":32,"column":15}}],"line":25}},"s":{"0":1,"1":3,"2":3,"3":0,"4":0,"5":3,"6":0,"7":1},"f":{"0":3,"1":0,"2":0},"b":{"0":[3,2]},"_coverageSchema":"1a1c01bbd47fc00a2c39e90264f33305004495a9","hash":"3a49cac3a45161253ee552a96764ec1728bbe29d"}
,"/home/apavlidi/WebstormProjects/aircall/src/componets/Sidebar/Sidebar.js": {"path":"/home/apavlidi/WebstormProjects/aircall/src/componets/Sidebar/Sidebar.js","statementMap":{"0":{"start":{"line":4,"column":16},"end":{"line":28,"column":1}},"1":{"start":{"line":5,"column":2},"end":{"line":27,"column":4}},"2":{"start":{"line":14,"column":28},"end":{"line":14,"column":46}},"3":{"start":{"line":22,"column":28},"end":{"line":22,"column":42}},"4":{"start":{"line":30,"column":0},"end":{"line":35,"column":1}}},"fnMap":{"0":{"name":"(anonymous_0)","decl":{"start":{"line":4,"column":16},"end":{"line":4,"column":17}},"loc":{"start":{"line":4,"column":93},"end":{"line":28,"column":1}},"line":4},"1":{"name":"(anonymous_1)","decl":{"start":{"line":14,"column":22},"end":{"line":14,"column":23}},"loc":{"start":{"line":14,"column":28},"end":{"line":14,"column":46}},"line":14},"2":{"name":"(anonymous_2)","decl":{"start":{"line":22,"column":22},"end":{"line":22,"column":23}},"loc":{"start":{"line":22,"column":28},"end":{"line":22,"column":42}},"line":22}},"branchMap":{},"s":{"0":1,"1":2,"2":1,"3":0,"4":1},"f":{"0":2,"1":1,"2":0},"b":{},"_coverageSchema":"1a1c01bbd47fc00a2c39e90264f33305004495a9","hash":"149d9fb2ffca83c7a30fc2546ce9b9e0499e94f1"}
,"/home/apavlidi/WebstormProjects/aircall/src/service/calls.js": {"path":"/home/apavlidi/WebstormProjects/aircall/src/service/calls.js","statementMap":{"0":{"start":{"line":4,"column":29},"end":{"line":13,"column":1}},"1":{"start":{"line":5,"column":4},"end":{"line":12,"column":11}},"2":{"start":{"line":6,"column":21},"end":{"line":6,"column":50}},"3":{"start":{"line":7,"column":8},"end":{"line":9,"column":9}},"4":{"start":{"line":8,"column":12},"end":{"line":8,"column":30}},"5":{"start":{"line":10,"column":8},"end":{"line":10,"column":32}},"6":{"start":{"line":11,"column":8},"end":{"line":11,"column":22}},"7":{"start":{"line":15,"column":20},"end":{"line":19,"column":1}},"8":{"start":{"line":16,"column":4},"end":{"line":18,"column":32}},"9":{"start":{"line":17,"column":31},"end":{"line":17,"column":57}},"10":{"start":{"line":21,"column":28},"end":{"line":25,"column":1}},"11":{"start":{"line":22,"column":4},"end":{"line":24,"column":66}},"12":{"start":{"line":24,"column":39},"end":{"line":24,"column":65}},"13":{"start":{"line":27,"column":19},"end":{"line":29,"column":1}},"14":{"start":{"line":28,"column":4},"end":{"line":28,"column":79}},"15":{"start":{"line":31,"column":20},"end":{"line":33,"column":1}},"16":{"start":{"line":32,"column":4},"end":{"line":32,"column":46}},"17":{"start":{"line":35,"column":20},"end":{"line":37,"column":1}},"18":{"start":{"line":36,"column":4},"end":{"line":36,"column":51}}},"fnMap":{"0":{"name":"(anonymous_0)","decl":{"start":{"line":4,"column":29},"end":{"line":4,"column":30}},"loc":{"start":{"line":4,"column":40},"end":{"line":13,"column":1}},"line":4},"1":{"name":"(anonymous_1)","decl":{"start":{"line":5,"column":24},"end":{"line":5,"column":25}},"loc":{"start":{"line":5,"column":42},"end":{"line":12,"column":5}},"line":5},"2":{"name":"(anonymous_2)","decl":{"start":{"line":15,"column":20},"end":{"line":15,"column":21}},"loc":{"start":{"line":15,"column":44},"end":{"line":19,"column":1}},"line":15},"3":{"name":"(anonymous_3)","decl":{"start":{"line":17,"column":21},"end":{"line":17,"column":22}},"loc":{"start":{"line":17,"column":31},"end":{"line":17,"column":57}},"line":17},"4":{"name":"(anonymous_4)","decl":{"start":{"line":21,"column":28},"end":{"line":21,"column":29}},"loc":{"start":{"line":21,"column":60},"end":{"line":25,"column":1}},"line":21},"5":{"name":"(anonymous_5)","decl":{"start":{"line":24,"column":29},"end":{"line":24,"column":30}},"loc":{"start":{"line":24,"column":39},"end":{"line":24,"column":65}},"line":24},"6":{"name":"(anonymous_6)","decl":{"start":{"line":27,"column":19},"end":{"line":27,"column":20}},"loc":{"start":{"line":27,"column":27},"end":{"line":29,"column":1}},"line":27},"7":{"name":"(anonymous_7)","decl":{"start":{"line":31,"column":20},"end":{"line":31,"column":21}},"loc":{"start":{"line":31,"column":26},"end":{"line":33,"column":1}},"line":31},"8":{"name":"(anonymous_8)","decl":{"start":{"line":35,"column":20},"end":{"line":35,"column":21}},"loc":{"start":{"line":35,"column":28},"end":{"line":37,"column":1}},"line":35}},"branchMap":{"0":{"loc":{"start":{"line":7,"column":8},"end":{"line":9,"column":9}},"type":"if","locations":[{"start":{"line":7,"column":8},"end":{"line":9,"column":9}},{"start":{},"end":{}}],"line":7},"1":{"loc":{"start":{"line":16,"column":11},"end":{"line":18,"column":31}},"type":"cond-expr","locations":[{"start":{"line":17,"column":8},"end":{"line":17,"column":58}},{"start":{"line":18,"column":8},"end":{"line":18,"column":31}}],"line":16},"2":{"loc":{"start":{"line":22,"column":11},"end":{"line":24,"column":66}},"type":"cond-expr","locations":[{"start":{"line":23,"column":8},"end":{"line":23,"column":39}},{"start":{"line":24,"column":8},"end":{"line":24,"column":66}}],"line":22}},"s":{"0":1,"1":1,"2":3,"3":3,"4":2,"5":3,"6":3,"7":1,"8":0,"9":0,"10":1,"11":0,"12":0,"13":1,"14":1,"15":1,"16":1,"17":1,"18":1},"f":{"0":1,"1":3,"2":0,"3":0,"4":0,"5":0,"6":1,"7":1,"8":1},"b":{"0":[2,1],"1":[0,0],"2":[0,0]},"_coverageSchema":"1a1c01bbd47fc00a2c39e90264f33305004495a9","hash":"f0ff0f46c34aadf92d246004e6a2eea7e7cdf796"}
,"/home/apavlidi/WebstormProjects/aircall/src/service/login.js": {"path":"/home/apavlidi/WebstormProjects/aircall/src/service/login.js","statementMap":{"0":{"start":{"line":4,"column":14},"end":{"line":19,"column":1}},"1":{"start":{"line":5,"column":4},"end":{"line":18,"column":11}},"2":{"start":{"line":15,"column":12},"end":{"line":15,"column":62}},"3":{"start":{"line":16,"column":12},"end":{"line":16,"column":72}},"4":{"start":{"line":17,"column":12},"end":{"line":17,"column":26}},"5":{"start":{"line":21,"column":30},"end":{"line":23,"column":1}},"6":{"start":{"line":22,"column":4},"end":{"line":22,"column":53}},"7":{"start":{"line":25,"column":15},"end":{"line":28,"column":1}},"8":{"start":{"line":26,"column":4},"end":{"line":26,"column":27}},"9":{"start":{"line":27,"column":4},"end":{"line":27,"column":23}}},"fnMap":{"0":{"name":"(anonymous_0)","decl":{"start":{"line":4,"column":14},"end":{"line":4,"column":15}},"loc":{"start":{"line":4,"column":54},"end":{"line":19,"column":1}},"line":4},"1":{"name":"(anonymous_1)","decl":{"start":{"line":14,"column":14},"end":{"line":14,"column":15}},"loc":{"start":{"line":14,"column":25},"end":{"line":18,"column":9}},"line":14},"2":{"name":"(anonymous_2)","decl":{"start":{"line":21,"column":30},"end":{"line":21,"column":31}},"loc":{"start":{"line":21,"column":36},"end":{"line":23,"column":1}},"line":21},"3":{"name":"(anonymous_3)","decl":{"start":{"line":25,"column":15},"end":{"line":25,"column":16}},"loc":{"start":{"line":25,"column":29},"end":{"line":28,"column":1}},"line":25}},"branchMap":{},"s":{"0":5,"1":2,"2":2,"3":2,"4":2,"5":5,"6":1,"7":5,"8":1,"9":1},"f":{"0":2,"1":2,"2":1,"3":1},"b":{},"_coverageSchema":"1a1c01bbd47fc00a2c39e90264f33305004495a9","hash":"a706dc6fc2a3eed4ad293ca39c3ab3f9ea468112"}
}
